<?xml version="1.0" encoding="UTF-8"?>
<!-- Generated by org.testng.reporters.JUnitXMLReporter -->
<testsuite hostname="CSCINDAE519305" name="Default test" tests="4" failures="0" timestamp="8 Mar 2017 11:17:15 GMT" time="11.562" errors="0">
  <testcase name="testcase1" time="4.101" classname="com.testng.Testcase2"/>
  <testcase name="testcase1" time="4.111" classname="com.testng.Testclass1"/>
  <testcase name="testcase2" time="0.168" classname="com.testng.Testclass1"/>
  <testcase name="testcase2" time="0.182" classname="com.testng.Testcase2"/>
</testsuite> <!-- Default test -->
