<?xml version="1.0" encoding="UTF-8"?>
<!-- Generated by org.testng.reporters.JUnitXMLReporter -->
<testsuite hostname="CSCINDAE519305" name="Default test" tests="4" failures="0" timestamp="10 Mar 2017 07:03:37 GMT" time="11.858" errors="0">
  <testcase name="testcase1" time="3.289" classname="com.testng.Testclass1"/>
  <testcase name="testcase1" time="3.303" classname="com.testng.Testcase2"/>
  <testcase name="testcase2" time="0.18" classname="com.testng.Testclass1"/>
  <testcase name="testcase2" time="0.177" classname="com.testng.Testcase2"/>
</testsuite> <!-- Default test -->
