<?xml version="1.0" encoding="UTF-8"?>
<testng-results skipped="0" failed="0" total="4" passed="4">
  <reporter-output>
  </reporter-output>
  <suite name="Parallel Execution" duration-ms="32800" started-at="2017-04-04T07:48:54Z" finished-at="2017-04-04T07:49:26Z">
    <groups>
    </groups>
    <test name="Parallel exectuon2" duration-ms="32800" started-at="2017-04-04T07:48:54Z" finished-at="2017-04-04T07:49:26Z">
      <class name="com.testng.Testclass1">
        <test-method status="PASS" signature="beforetestcase1(java.lang.String)[pri:0, instance:com.testng.Testclass1@589838eb]" name="beforetestcase1" is-config="true" duration-ms="20559" started-at="2017-04-04T13:18:54Z" finished-at="2017-04-04T13:19:14Z">
          <params>
            <param index="0">
              <value>
                <![CDATA[chrome]]>
              </value>
            </param>
          </params>
          <reporter-output>
          </reporter-output>
        </test-method> <!-- beforetestcase1 -->
        <test-method status="PASS" signature="testcase1()[pri:0, instance:com.testng.Testclass1@589838eb]" name="testcase1" duration-ms="4381" started-at="2017-04-04T13:19:14Z" finished-at="2017-04-04T13:19:19Z">
          <reporter-output>
          </reporter-output>
        </test-method> <!-- testcase1 -->
        <test-method status="PASS" signature="testcase2()[pri:0, instance:com.testng.Testclass1@589838eb]" name="testcase2" duration-ms="669" started-at="2017-04-04T13:19:19Z" finished-at="2017-04-04T13:19:19Z">
          <reporter-output>
          </reporter-output>
        </test-method> <!-- testcase2 -->
        <test-method status="PASS" signature="endtest()[pri:0, instance:com.testng.Testclass1@589838eb]" name="endtest" is-config="true" duration-ms="7104" started-at="2017-04-04T13:19:19Z" finished-at="2017-04-04T13:19:26Z">
          <reporter-output>
          </reporter-output>
        </test-method> <!-- endtest -->
      </class> <!-- com.testng.Testclass1 -->
    </test> <!-- Parallel exectuon2 -->
    <test name="Parallel exectuon1" duration-ms="32778" started-at="2017-04-04T07:48:54Z" finished-at="2017-04-04T07:49:26Z">
      <class name="com.testng.Testcase2">
        <test-method status="PASS" signature="beforetestcase1(java.lang.String)[pri:0, instance:com.testng.Testcase2@57baeedf]" name="beforetestcase1" is-config="true" duration-ms="20559" started-at="2017-04-04T13:18:54Z" finished-at="2017-04-04T13:19:14Z">
          <params>
            <param index="0">
              <value>
                <![CDATA[chrome]]>
              </value>
            </param>
          </params>
          <reporter-output>
          </reporter-output>
        </test-method> <!-- beforetestcase1 -->
        <test-method status="PASS" signature="testcase1()[pri:0, instance:com.testng.Testcase2@57baeedf]" name="testcase1" duration-ms="4381" started-at="2017-04-04T13:19:14Z" finished-at="2017-04-04T13:19:19Z">
          <reporter-output>
          </reporter-output>
        </test-method> <!-- testcase1 -->
        <test-method status="PASS" signature="testcase2()[pri:0, instance:com.testng.Testcase2@57baeedf]" name="testcase2" duration-ms="672" started-at="2017-04-04T13:19:19Z" finished-at="2017-04-04T13:19:19Z">
          <reporter-output>
          </reporter-output>
        </test-method> <!-- testcase2 -->
        <test-method status="PASS" signature="endtest()[pri:0, instance:com.testng.Testcase2@57baeedf]" name="endtest" is-config="true" duration-ms="7080" started-at="2017-04-04T13:19:19Z" finished-at="2017-04-04T13:19:26Z">
          <reporter-output>
          </reporter-output>
        </test-method> <!-- endtest -->
      </class> <!-- com.testng.Testcase2 -->
    </test> <!-- Parallel exectuon1 -->
  </suite> <!-- Parallel Execution -->
</testng-results>
